0 info it worked if it ends with ok
1 verbose cli [ '/Users/1997SUPRAMAN/.nvm/versions/node/v5.0.0/bin/node',
1 verbose cli   '/Users/1997SUPRAMAN/.nvm/versions/node/v5.0.0/bin/npm',
1 verbose cli   'install',
1 verbose cli   'jquery-zoom' ]
2 info using npm@3.3.6
3 info using node@v5.0.0
4 verbose config Skipping project config: /Users/1997SUPRAMAN/.npmrc. (matches userconfig)
5 silly loadCurrentTree Starting
6 silly install loadCurrentTree
7 silly install readLocalPackageData
8 silly fetchPackageMetaData jquery-zoom
9 silly fetchNamedPackageData jquery-zoom
10 silly mapToRegistry name jquery-zoom
11 silly mapToRegistry using default registry
12 silly mapToRegistry registry https://registry.npmjs.org/
13 silly mapToRegistry uri https://registry.npmjs.org/jquery-zoom
14 verbose request uri https://registry.npmjs.org/jquery-zoom
15 verbose request no auth needed
16 info attempt registry request try #1 at 4:09:10 PM
17 verbose request id 986653653abbe722
18 verbose etag "D0GTS86TOCQBKG97VKOH5UXQD"
19 http request GET https://registry.npmjs.org/jquery-zoom
20 http 304 https://registry.npmjs.org/jquery-zoom
21 verbose headers { date: 'Fri, 11 Dec 2015 21:09:11 GMT',
21 verbose headers   via: '1.1 varnish',
21 verbose headers   'cache-control': 'max-age=300',
21 verbose headers   etag: '"D0GTS86TOCQBKG97VKOH5UXQD"',
21 verbose headers   age: '0',
21 verbose headers   connection: 'keep-alive',
21 verbose headers   'x-served-by': 'cache-jfk1022-JFK',
21 verbose headers   'x-cache': 'MISS',
21 verbose headers   'x-cache-hits': '0',
21 verbose headers   'x-timer': 'S1449868151.106280,VS0,VE96',
21 verbose headers   vary: 'Accept' }
22 silly get cb [ 304,
22 silly get   { date: 'Fri, 11 Dec 2015 21:09:11 GMT',
22 silly get     via: '1.1 varnish',
22 silly get     'cache-control': 'max-age=300',
22 silly get     etag: '"D0GTS86TOCQBKG97VKOH5UXQD"',
22 silly get     age: '0',
22 silly get     connection: 'keep-alive',
22 silly get     'x-served-by': 'cache-jfk1022-JFK',
22 silly get     'x-cache': 'MISS',
22 silly get     'x-cache-hits': '0',
22 silly get     'x-timer': 'S1449868151.106280,VS0,VE96',
22 silly get     vary: 'Accept' } ]
23 verbose etag https://registry.npmjs.org/jquery-zoom from cache
24 verbose get saving jquery-zoom to /Users/1997SUPRAMAN/.npm/registry.npmjs.org/jquery-zoom/.cache.json
25 silly install normalizeTree
26 silly loadCurrentTree Finishing
27 silly loadIdealTree Starting
28 silly install loadIdealTree
29 silly cloneCurrentTree Starting
30 silly install cloneCurrentTreeToIdealTree
31 silly cloneCurrentTree Finishing
32 silly loadShrinkwrap Starting
33 silly install loadShrinkwrap
34 silly loadShrinkwrap Finishing
35 silly loadAllDepsIntoIdealTree Starting
36 silly install loadAllDepsIntoIdealTree
37 silly resolveWithNewModule jquery-zoom@1.7.14 checking installable status
38 silly cache add args [ 'jquery-zoom', null ]
39 verbose cache add spec jquery-zoom
40 silly cache add parsed spec Result {
40 silly cache add   raw: 'jquery-zoom',
40 silly cache add   scope: null,
40 silly cache add   name: 'jquery-zoom',
40 silly cache add   rawSpec: '',
40 silly cache add   spec: '*',
40 silly cache add   type: 'range' }
41 silly addNamed jquery-zoom@*
42 verbose addNamed "*" is a valid semver range for jquery-zoom
43 silly addNameRange { name: 'jquery-zoom', range: '*', hasData: false }
44 silly mapToRegistry name jquery-zoom
45 silly mapToRegistry using default registry
46 silly mapToRegistry registry https://registry.npmjs.org/
47 silly mapToRegistry uri https://registry.npmjs.org/jquery-zoom
48 verbose addNameRange registry:https://registry.npmjs.org/jquery-zoom not in flight; fetching
49 verbose get https://registry.npmjs.org/jquery-zoom not expired, no request
50 silly addNameRange number 2 { name: 'jquery-zoom', range: '*', hasData: true }
51 silly addNameRange versions [ 'jquery-zoom', [ '1.7.13', '1.7.14' ] ]
52 silly addNamed jquery-zoom@1.7.14
53 verbose addNamed "1.7.14" is a plain semver version for jquery-zoom
54 silly cache afterAdd jquery-zoom@1.7.14
55 verbose afterAdd /Users/1997SUPRAMAN/.npm/jquery-zoom/1.7.14/package/package.json not in flight; writing
56 verbose afterAdd /Users/1997SUPRAMAN/.npm/jquery-zoom/1.7.14/package/package.json written
57 silly fetchNamedPackageData jquery
58 silly mapToRegistry name jquery
59 silly mapToRegistry using default registry
60 silly mapToRegistry registry https://registry.npmjs.org/
61 silly mapToRegistry uri https://registry.npmjs.org/jquery
62 verbose request uri https://registry.npmjs.org/jquery
63 verbose request no auth needed
64 info attempt registry request try #1 at 4:09:10 PM
65 verbose etag "YRIU6FKIE0OR8PI5V5OL0TE9"
66 http request GET https://registry.npmjs.org/jquery
67 http 304 https://registry.npmjs.org/jquery
68 verbose headers { date: 'Fri, 11 Dec 2015 21:09:11 GMT',
68 verbose headers   via: '1.1 varnish',
68 verbose headers   'cache-control': 'max-age=60',
68 verbose headers   etag: '"YRIU6FKIE0OR8PI5V5OL0TE9"',
68 verbose headers   age: '52',
68 verbose headers   connection: 'keep-alive',
68 verbose headers   'x-served-by': 'cache-jfk1024-JFK',
68 verbose headers   'x-cache': 'HIT',
68 verbose headers   'x-cache-hits': '1',
68 verbose headers   'x-timer': 'S1449868151.379512,VS0,VE0',
68 verbose headers   vary: 'Accept' }
69 silly get cb [ 304,
69 silly get   { date: 'Fri, 11 Dec 2015 21:09:11 GMT',
69 silly get     via: '1.1 varnish',
69 silly get     'cache-control': 'max-age=60',
69 silly get     etag: '"YRIU6FKIE0OR8PI5V5OL0TE9"',
69 silly get     age: '52',
69 silly get     connection: 'keep-alive',
69 silly get     'x-served-by': 'cache-jfk1024-JFK',
69 silly get     'x-cache': 'HIT',
69 silly get     'x-cache-hits': '1',
69 silly get     'x-timer': 'S1449868151.379512,VS0,VE0',
69 silly get     vary: 'Accept' } ]
70 verbose etag https://registry.npmjs.org/jquery from cache
71 verbose get saving jquery to /Users/1997SUPRAMAN/.npm/registry.npmjs.org/jquery/.cache.json
72 silly resolveWithNewModule jquery@2.1.4 checking installable status
73 silly cache add args [ 'jquery@>=1.7', null ]
74 verbose cache add spec jquery@>=1.7
75 silly cache add parsed spec Result {
75 silly cache add   raw: 'jquery@>=1.7',
75 silly cache add   scope: null,
75 silly cache add   name: 'jquery',
75 silly cache add   rawSpec: '>=1.7',
75 silly cache add   spec: '>=1.7.0',
75 silly cache add   type: 'range' }
76 silly addNamed jquery@>=1.7.0
77 verbose addNamed ">=1.7.0" is a valid semver range for jquery
78 silly addNameRange { name: 'jquery', range: '>=1.7.0', hasData: false }
79 silly mapToRegistry name jquery
80 silly mapToRegistry using default registry
81 silly mapToRegistry registry https://registry.npmjs.org/
82 silly mapToRegistry uri https://registry.npmjs.org/jquery
83 verbose addNameRange registry:https://registry.npmjs.org/jquery not in flight; fetching
84 verbose get https://registry.npmjs.org/jquery not expired, no request
85 silly addNameRange number 2 { name: 'jquery', range: '>=1.7.0', hasData: true }
86 silly addNameRange versions [ 'jquery',
86 silly addNameRange   [ '1.5.1',
86 silly addNameRange     '1.6.2',
86 silly addNameRange     '1.6.3',
86 silly addNameRange     '1.7.2',
86 silly addNameRange     '1.7.3',
86 silly addNameRange     '1.8.2',
86 silly addNameRange     '1.8.3',
86 silly addNameRange     '2.1.0-beta2',
86 silly addNameRange     '2.1.0-beta3',
86 silly addNameRange     '1.11.0-beta3',
86 silly addNameRange     '1.11.0-rc1',
86 silly addNameRange     '2.1.0-rc1',
86 silly addNameRange     '1.11.0',
86 silly addNameRange     '2.1.0',
86 silly addNameRange     '2.1.1-beta1',
86 silly addNameRange     '1.11.1-beta1',
86 silly addNameRange     '2.1.1-rc1',
86 silly addNameRange     '1.11.1-rc1',
86 silly addNameRange     '2.1.1-rc2',
86 silly addNameRange     '1.11.1-rc2',
86 silly addNameRange     '2.1.1',
86 silly addNameRange     '1.11.1',
86 silly addNameRange     '1.9.1',
86 silly addNameRange     '2.1.2',
86 silly addNameRange     '1.11.2',
86 silly addNameRange     '2.1.3',
86 silly addNameRange     '2.1.4',
86 silly addNameRange     '1.11.3',
86 silly addNameRange     '3.0.0-alpha1' ] ]
87 silly addNamed jquery@2.1.4
88 verbose addNamed "2.1.4" is a plain semver version for jquery
89 silly cache afterAdd jquery@2.1.4
90 verbose afterAdd /Users/1997SUPRAMAN/.npm/jquery/2.1.4/package/package.json not in flight; writing
91 verbose afterAdd /Users/1997SUPRAMAN/.npm/jquery/2.1.4/package/package.json written
92 verbose stack TypeError: Cannot read property 'localeCompare' of undefined
92 verbose stack     at installOrder (/Users/1997SUPRAMAN/.nvm/versions/node/v5.0.0/lib/node_modules/npm/lib/install/deps.js:241:32)
92 verbose stack     at Array.sort (native)
92 verbose stack     at /Users/1997SUPRAMAN/.nvm/versions/node/v5.0.0/lib/node_modules/npm/lib/install/deps.js:240:27
92 verbose stack     at cb (/Users/1997SUPRAMAN/.nvm/versions/node/v5.0.0/lib/node_modules/npm/node_modules/slide/lib/async-map.js:47:24)
92 verbose stack     at resolveWithExistingModule (/Users/1997SUPRAMAN/.nvm/versions/node/v5.0.0/lib/node_modules/npm/lib/install/deps.js:377:3)
92 verbose stack     at /Users/1997SUPRAMAN/.nvm/versions/node/v5.0.0/lib/node_modules/npm/lib/install/deps.js:347:5
92 verbose stack     at /Users/1997SUPRAMAN/.nvm/versions/node/v5.0.0/lib/node_modules/npm/node_modules/slide/lib/async-map.js:52:35
92 verbose stack     at Array.forEach (native)
92 verbose stack     at /Users/1997SUPRAMAN/.nvm/versions/node/v5.0.0/lib/node_modules/npm/node_modules/slide/lib/async-map.js:52:11
92 verbose stack     at Array.forEach (native)
93 verbose cwd /Users/1997SUPRAMAN/Desktop/Mark_homework
94 error Darwin 15.2.0
95 error argv "/Users/1997SUPRAMAN/.nvm/versions/node/v5.0.0/bin/node" "/Users/1997SUPRAMAN/.nvm/versions/node/v5.0.0/bin/npm" "install" "jquery-zoom"
96 error node v5.0.0
97 error npm  v3.3.6
98 error Cannot read property 'localeCompare' of undefined
99 error If you need help, you may report this error at:
99 error     <https://github.com/npm/npm/issues>
100 verbose exit [ 1, true ]
